<testsuites name="results">
  <testsuite name="all" package="all">
    <property name="random_seed" value="1749276812" />
    <testcase name="test_matrix_display" classname="test_runner" file="/mnt/d/AI4Hardware_ECE_410_2025_Spring/Challenge_lists/Challenge#15/transformer/test_runner.py" lineno="146" time="42.21832585334778" sim_time_ns="8325000.001" ratio_time="197189.24975656878">
      <failure message="Test failed with RANDOM_SEED=1749276812" />
    </testcase>
    <testcase name="test_random_matrix" classname="test_runner" file="/mnt/d/AI4Hardware_ECE_410_2025_Spring/Challenge_lists/Challenge#15/transformer/test_runner.py" lineno="213" time="40.50813388824463" sim_time_ns="8325000.001" ratio_time="205514.28076068193">
      <failure message="Test failed with RANDOM_SEED=1749276812" />
    </testcase>
    <testcase name="test_edge_cases" classname="test_runner" file="/mnt/d/AI4Hardware_ECE_410_2025_Spring/Challenge_lists/Challenge#15/transformer/test_runner.py" lineno="258" time="85.86948108673096" sim_time_ns="16548000.000999998" ratio_time="192711.07489616692">
      <failure message="Test failed with RANDOM_SEED=1749276812" />
    </testcase>
  </testsuite>
</testsuites>
